<?xml version="1.0" encoding="UTF-8"?>
<testng-results ignored="0" total="2" passed="2" failed="0" skipped="0">
  <reporter-output>
  </reporter-output>
  <suite started-at="2023-08-30T09:33:02 IST" name="Default suite" finished-at="2023-08-30T09:33:13 IST" duration-ms="11070">
    <groups>
      <group name="cucumber">
        <method signature="AbstractTestNGCucumberTests.runScenario(io.cucumber.testng.PickleWrapper,io.cucumber.testng.FeatureWrapper)[pri:0, instance:Runner.TestRunnerPlugins@5db6b9cd]" name="runScenario" class="io.cucumber.testng.AbstractTestNGCucumberTests"/>
      </group> <!-- cucumber -->
    </groups>
    <test started-at="2023-08-30T09:33:02 IST" name="Default test" finished-at="2023-08-30T09:33:13 IST" duration-ms="11070">
      <class name="Runner.TestRunnerPlugins">
        <test-method is-config="true" signature="setUpClass(org.testng.ITestContext)[pri:0, instance:Runner.TestRunnerPlugins@5db6b9cd]" started-at="2023-08-30T09:33:02 IST" name="setUpClass" finished-at="2023-08-30T09:33:03 IST" duration-ms="850" status="PASS">
          <params>
            <param index="0">
              <value>
                <![CDATA[org.testng.TestRunner@45b96e4c]]>
              </value>
            </param>
          </params>
          <reporter-output>
          </reporter-output>
        </test-method> <!-- setUpClass -->
        <test-method signature="runScenario(io.cucumber.testng.PickleWrapper,io.cucumber.testng.FeatureWrapper)[pri:0, instance:Runner.TestRunnerPlugins@5db6b9cd]" started-at="2023-08-30T09:33:03 IST" name="runScenario" description="Runs Cucumber Scenarios" data-provider="scenarios" finished-at="2023-08-30T09:33:09 IST" duration-ms="5993" status="PASS">
          <params>
            <param index="0">
              <value>
                <![CDATA["check the login functionality for valid data"]]>
              </value>
            </param>
            <param index="1">
              <value>
                <![CDATA["validate Login Functionality for swag labs application"]]>
              </value>
            </param>
          </params>
          <reporter-output>
          </reporter-output>
        </test-method> <!-- runScenario -->
        <test-method signature="runScenario(io.cucumber.testng.PickleWrapper,io.cucumber.testng.FeatureWrapper)[pri:0, instance:Runner.TestRunnerPlugins@5db6b9cd]" started-at="2023-08-30T09:33:09 IST" name="runScenario" description="Runs Cucumber Scenarios" data-provider="scenarios" finished-at="2023-08-30T09:33:12 IST" duration-ms="3684" status="PASS">
          <params>
            <param index="0">
              <value>
                <![CDATA["check the login functionality for invalid data"]]>
              </value>
            </param>
            <param index="1">
              <value>
                <![CDATA["validate Login Functionality for swag labs application"]]>
              </value>
            </param>
          </params>
          <reporter-output>
          </reporter-output>
        </test-method> <!-- runScenario -->
        <test-method is-config="true" signature="tearDownClass()[pri:0, instance:Runner.TestRunnerPlugins@5db6b9cd]" started-at="2023-08-30T09:33:12 IST" name="tearDownClass" finished-at="2023-08-30T09:33:13 IST" duration-ms="489" status="PASS">
          <reporter-output>
          </reporter-output>
        </test-method> <!-- tearDownClass -->
      </class> <!-- Runner.TestRunnerPlugins -->
    </test> <!-- Default test -->
  </suite> <!-- Default suite -->
</testng-results>
